Arguments: 
  C:\Program Files\nodejs\node.exe C:\Users\DELL\AppData\Roaming\npm\node_modules\yarn\bin\yarn.js add *

PATH: 
  C:\Program Files\nodejs;C:\Program Files\Java\jre1.8.0_241\bin;C:\Users\DELL\AppData\Roaming\npm;D:\JDK\bin;C:\MinGW\bin;C:\Program Files (x86)\mingw-w64\i686-8.1.0-posix-dwarf-rt_v6-rev0\mingw32\bin;C:\Windows\System32;C:\Program Files\Microsoft SQL Server\Client SDK\ODBC\170\Tools\Binn\;C:\Program Files (x86)\Microsoft SQL Server\150\Tools\Binn\;C:\Program Files\Microsoft SQL Server\150\Tools\Binn\;C:\Program Files\Microsoft SQL Server\150\DTS\Binn\;D:\Git\bin;D:\Python382\python.exe;D:\Python382\Scripts\;D:\Python382\;C:\Users\DELL\AppData\Local\Programs\Microsoft VS Code\bin;D:\DataGrip 2019.3.4\bin;G:\Faker\WebStorm 2019.3.4\bin

Yarn version: 
  1.16.0

Node version: 
  10.15.3

Platform: 
  win32 x64

Trace: 
  Error: https://registry.yarnpkg.com/*: Not found
      at Request.params.callback [as _callback] (C:\Users\DELL\AppData\Roaming\npm\node_modules\yarn\lib\cli.js:66091:18)
      at Request.self.callback (C:\Users\DELL\AppData\Roaming\npm\node_modules\yarn\lib\cli.js:129590:22)
      at Request.emit (events.js:189:13)
      at Request.<anonymous> (C:\Users\DELL\AppData\Roaming\npm\node_modules\yarn\lib\cli.js:130562:10)
      at Request.emit (events.js:189:13)
      at IncomingMessage.<anonymous> (C:\Users\DELL\AppData\Roaming\npm\node_modules\yarn\lib\cli.js:130484:12)
      at Object.onceWrapper (events.js:277:13)
      at IncomingMessage.emit (events.js:194:15)
      at endReadableNT (_stream_readable.js:1125:12)
      at process._tickCallback (internal/process/next_tick.js:63:19)

npm manifest: 
  {
    "name": "yasuo",
    "version": "1.0.0",
    "description": "yasuo bot",
    "main": "discord.js",
    "scripts": {
      "test": "echo \"Error: no test specified\" && exit 1",
      "dev": "nodemon --watch src --exec babel-node src/discord.js --source-maps"
    },
    "author": "",
    "license": "ISC",
    "dependencies": {
      "axios": "^0.19.2",
      "discord.js": "^12.2.0",
      "nodemon": "^2.0.3",
      "yar": "^9.1.0"
    },
    "devDependencies": {
      "@babel/core": "^7.9.0",
      "@babel/node": "^7.8.7",
      "@babel/preset-env": "^7.9.5"
    }
  }

yarn manifest: 
  No manifest

Lockfile: 
  No lockfile
